#! /usr/bin/vvp
:ivl_version "10.1 (stable)";
:ivl_delay_selection "TYPICAL";
:vpi_time_precision + 0;
:vpi_module "system";
:vpi_module "vhdl_sys";
:vpi_module "v2005_math";
:vpi_module "va_math";
S_0x562e84dfb090 .scope module, "cal" "cal" 2 1;
 .timescale 0 0;
    .port_info 0 /OUTPUT 1 "out"
    .port_info 1 /OUTPUT 1 "c_out"
    .port_info 2 /INPUT 1 "a"
    .port_info 3 /INPUT 1 "b"
    .port_info 4 /INPUT 1 "l"
    .port_info 5 /INPUT 1 "c_in"
    .port_info 6 /INPUT 2 "s"
v0x562e84e1cfa0_0 .net "a", 0 0, L_0x562e84e1e760;  1 drivers
o0x7f0e0d691288 .functor BUFZ 1, C4<z>; HiZ drive
v0x562e84e1d0b0_0 .net "b", 0 0, o0x7f0e0d691288;  0 drivers
o0x7f0e0d6914f8 .functor BUFZ 1, C4<z>; HiZ drive
v0x562e84e1d1c0_0 .net "c_in", 0 0, o0x7f0e0d6914f8;  0 drivers
v0x562e84e1d260_0 .net "c_out", 0 0, L_0x562e84e1e7d0;  1 drivers
o0x7f0e0d6916a8 .functor BUFZ 1, C4<z>; HiZ drive
v0x562e84e1d300_0 .net "l", 0 0, o0x7f0e0d6916a8;  0 drivers
v0x562e84e1d3f0_0 .net "out", 0 0, L_0x562e84e1f160;  1 drivers
o0x7f0e0d691108 .functor BUFZ 2, C4<zz>; HiZ drive
v0x562e84e1d4c0_0 .net "s", 1 0, o0x7f0e0d691108;  0 drivers
v0x562e84e1d5b0_0 .net "s_cl", 0 0, v0x562e84e1b2b0_0;  1 drivers
v0x562e84e1d650_0 .net "s_fa", 0 0, L_0x562e84e1e8c0;  1 drivers
S_0x562e84dfb5c0 .scope module, "cl1" "cl" 2 4, 3 1 0, S_0x562e84dfb090;
 .timescale 0 0;
    .port_info 0 /OUTPUT 1 "out"
    .port_info 1 /INPUT 1 "a"
    .port_info 2 /INPUT 1 "b"
    .port_info 3 /INPUT 2 "s"
L_0x562e84e1e310 .functor AND 1, L_0x562e84e1e760, o0x7f0e0d691288, C4<1>, C4<1>;
L_0x562e84e1e410 .functor OR 1, L_0x562e84e1e760, o0x7f0e0d691288, C4<0>, C4<0>;
L_0x562e84e1e610 .functor XOR 1, L_0x562e84e1e760, o0x7f0e0d691288, C4<0>, C4<0>;
L_0x562e84e1e6a0 .functor NOT 1, o0x7f0e0d691288, C4<0>, C4<0>, C4<0>;
L_0x562e84e1e760 .functor NOT 1, o0x7f0e0d691288, C4<0>, C4<0>, C4<0>;
v0x562e84e1b560_0 .net "a", 0 0, L_0x562e84e1e760;  alias, 1 drivers
v0x562e84e1b640_0 .net "b", 0 0, o0x7f0e0d691288;  alias, 0 drivers
v0x562e84e1b700_0 .net "out", 0 0, v0x562e84e1b2b0_0;  alias, 1 drivers
v0x562e84e1b7a0_0 .net "s", 1 0, o0x7f0e0d691108;  alias, 0 drivers
v0x562e84e1b870_0 .net "s_and", 0 0, L_0x562e84e1e310;  1 drivers
v0x562e84e1b960_0 .net "s_not", 0 0, L_0x562e84e1e6a0;  1 drivers
v0x562e84e1ba30_0 .net "s_or", 0 0, L_0x562e84e1e410;  1 drivers
v0x562e84e1bb00_0 .net "s_xor", 0 0, L_0x562e84e1e610;  1 drivers
S_0x562e84dfb800 .scope module, "mi_mux" "mux4_1" 3 9, 4 1 0, S_0x562e84dfb5c0;
 .timescale 0 0;
    .port_info 0 /OUTPUT 1 "out"
    .port_info 1 /INPUT 1 "a"
    .port_info 2 /INPUT 1 "b"
    .port_info 3 /INPUT 1 "c"
    .port_info 4 /INPUT 1 "d"
    .port_info 5 /INPUT 2 "s"
v0x562e84dfba70_0 .net "a", 0 0, L_0x562e84e1e310;  alias, 1 drivers
v0x562e84e1b090_0 .net "b", 0 0, L_0x562e84e1e410;  alias, 1 drivers
v0x562e84e1b150_0 .net "c", 0 0, L_0x562e84e1e610;  alias, 1 drivers
v0x562e84e1b1f0_0 .net "d", 0 0, L_0x562e84e1e6a0;  alias, 1 drivers
v0x562e84e1b2b0_0 .var "out", 0 0;
v0x562e84e1b3c0_0 .net "s", 1 0, o0x7f0e0d691108;  alias, 0 drivers
E_0x562e84deb210/0 .event edge, v0x562e84e1b3c0_0, v0x562e84e1b1f0_0, v0x562e84e1b150_0, v0x562e84e1b090_0;
E_0x562e84deb210/1 .event edge, v0x562e84dfba70_0;
E_0x562e84deb210 .event/or E_0x562e84deb210/0, E_0x562e84deb210/1;
S_0x562e84e1bc00 .scope module, "fa1" "fa" 2 5, 5 1 0, S_0x562e84dfb090;
 .timescale 0 0;
    .port_info 0 /OUTPUT 1 "cout"
    .port_info 1 /OUTPUT 1 "sum"
    .port_info 2 /INPUT 1 "a"
    .port_info 3 /INPUT 1 "b"
    .port_info 4 /INPUT 1 "cin"
L_0x7f0e0d648060 .functor BUFT 1, C4<0>, C4<0>, C4<0>, C4<0>;
v0x562e84e1be50_0 .net *"_s10", 0 0, L_0x7f0e0d648060;  1 drivers
v0x562e84e1bf10_0 .net *"_s11", 1 0, L_0x562e84e1ecf0;  1 drivers
v0x562e84e1bff0_0 .net *"_s13", 1 0, L_0x562e84e1eea0;  1 drivers
L_0x7f0e0d6480a8 .functor BUFT 1, C4<0>, C4<0>, C4<0>, C4<0>;
v0x562e84e1c0e0_0 .net *"_s16", 0 0, L_0x7f0e0d6480a8;  1 drivers
v0x562e84e1c1c0_0 .net *"_s17", 1 0, L_0x562e84e1f020;  1 drivers
v0x562e84e1c2f0_0 .net *"_s3", 1 0, L_0x562e84e1e9b0;  1 drivers
L_0x7f0e0d648018 .functor BUFT 1, C4<0>, C4<0>, C4<0>, C4<0>;
v0x562e84e1c3d0_0 .net *"_s6", 0 0, L_0x7f0e0d648018;  1 drivers
v0x562e84e1c4b0_0 .net *"_s7", 1 0, L_0x562e84e1eac0;  1 drivers
v0x562e84e1c590_0 .net "a", 0 0, L_0x562e84e1e760;  alias, 1 drivers
v0x562e84e1c630_0 .net "b", 0 0, o0x7f0e0d691288;  alias, 0 drivers
v0x562e84e1c700_0 .net "cin", 0 0, o0x7f0e0d6914f8;  alias, 0 drivers
v0x562e84e1c7a0_0 .net "cout", 0 0, L_0x562e84e1e7d0;  alias, 1 drivers
v0x562e84e1c840_0 .net "sum", 0 0, L_0x562e84e1e8c0;  alias, 1 drivers
L_0x562e84e1e7d0 .part L_0x562e84e1f020, 1, 1;
L_0x562e84e1e8c0 .part L_0x562e84e1f020, 0, 1;
L_0x562e84e1e9b0 .concat [ 1 1 0 0], L_0x562e84e1e760, L_0x7f0e0d648018;
L_0x562e84e1eac0 .concat [ 1 1 0 0], o0x7f0e0d691288, L_0x7f0e0d648060;
L_0x562e84e1ecf0 .arith/sum 2, L_0x562e84e1e9b0, L_0x562e84e1eac0;
L_0x562e84e1eea0 .concat [ 1 1 0 0], o0x7f0e0d6914f8, L_0x7f0e0d6480a8;
L_0x562e84e1f020 .arith/sum 2, L_0x562e84e1ecf0, L_0x562e84e1eea0;
S_0x562e84e1c9d0 .scope module, "mi_mux" "mux2_1" 2 7, 6 1 0, S_0x562e84dfb090;
 .timescale 0 0;
    .port_info 0 /OUTPUT 1 "out"
    .port_info 1 /INPUT 1 "a"
    .port_info 2 /INPUT 1 "b"
    .port_info 3 /INPUT 1 "s"
v0x562e84e1cbf0_0 .net "a", 0 0, L_0x562e84e1e8c0;  alias, 1 drivers
v0x562e84e1ccc0_0 .net "b", 0 0, v0x562e84e1b2b0_0;  alias, 1 drivers
v0x562e84e1cdb0_0 .net "out", 0 0, L_0x562e84e1f160;  alias, 1 drivers
v0x562e84e1ce50_0 .net "s", 0 0, o0x7f0e0d6916a8;  alias, 0 drivers
L_0x562e84e1f160 .functor MUXZ 1, L_0x562e84e1e8c0, v0x562e84e1b2b0_0, o0x7f0e0d6916a8, C4<>;
S_0x562e84dfb2c0 .scope module, "compl1" "compl1" 7 1;
 .timescale 0 0;
    .port_info 0 /OUTPUT 4 "Sal"
    .port_info 1 /INPUT 4 "Ent"
    .port_info 2 /INPUT 1 "cpl"
o0x7f0e0d6918e8 .functor BUFZ 4, C4<zzzz>; HiZ drive
L_0x562e84e1ed90 .functor NOT 4, o0x7f0e0d6918e8, C4<0000>, C4<0000>, C4<0000>;
v0x562e84e1d7c0_0 .net "Ent", 3 0, o0x7f0e0d6918e8;  0 drivers
v0x562e84e1d8c0_0 .net "Sal", 3 0, L_0x562e84e2f520;  1 drivers
v0x562e84e1d9a0_0 .net *"_s0", 31 0, L_0x562e84e1f330;  1 drivers
L_0x7f0e0d6480f0 .functor BUFT 1, C4<0000000000000000000000000000000>, C4<0>, C4<0>, C4<0>;
v0x562e84e1da60_0 .net *"_s3", 30 0, L_0x7f0e0d6480f0;  1 drivers
L_0x7f0e0d648138 .functor BUFT 1, C4<00000000000000000000000000000001>, C4<0>, C4<0>, C4<0>;
v0x562e84e1db40_0 .net/2u *"_s4", 31 0, L_0x7f0e0d648138;  1 drivers
v0x562e84e1dc70_0 .net *"_s6", 0 0, L_0x562e84e2f3e0;  1 drivers
v0x562e84e1dd30_0 .net *"_s8", 3 0, L_0x562e84e1ed90;  1 drivers
o0x7f0e0d691a38 .functor BUFZ 1, C4<z>; HiZ drive
v0x562e84e1de10_0 .net "cpl", 0 0, o0x7f0e0d691a38;  0 drivers
L_0x562e84e1f330 .concat [ 1 31 0 0], o0x7f0e0d691a38, L_0x7f0e0d6480f0;
L_0x562e84e2f3e0 .cmp/eq 32, L_0x562e84e1f330, L_0x7f0e0d648138;
L_0x562e84e2f520 .functor MUXZ 4, o0x7f0e0d6918e8, L_0x562e84e1ed90, L_0x562e84e2f3e0, C4<>;
S_0x562e84dfb440 .scope module, "mux2_4" "mux2_4" 8 1;
 .timescale 0 0;
    .port_info 0 /OUTPUT 4 "out"
    .port_info 1 /INPUT 4 "a"
    .port_info 2 /INPUT 4 "b"
    .port_info 3 /INPUT 1 "s"
o0x7f0e0d691af8 .functor BUFZ 4, C4<zzzz>; HiZ drive
v0x562e84e1df50_0 .net "a", 3 0, o0x7f0e0d691af8;  0 drivers
o0x7f0e0d691b28 .functor BUFZ 4, C4<zzzz>; HiZ drive
v0x562e84e1e030_0 .net "b", 3 0, o0x7f0e0d691b28;  0 drivers
v0x562e84e1e110_0 .net "out", 3 0, L_0x562e84e2f6b0;  1 drivers
o0x7f0e0d691b88 .functor BUFZ 1, C4<z>; HiZ drive
v0x562e84e1e1d0_0 .net "s", 0 0, o0x7f0e0d691b88;  0 drivers
L_0x562e84e2f6b0 .functor MUXZ 4, o0x7f0e0d691af8, o0x7f0e0d691b28, o0x7f0e0d691b88, C4<>;
    .scope S_0x562e84dfb800;
T_0 ;
    %wait E_0x562e84deb210;
    %load/vec4 v0x562e84e1b3c0_0;
    %dup/vec4;
    %pushi/vec4 0, 0, 2;
    %cmp/u;
    %jmp/1 T_0.0, 6;
    %dup/vec4;
    %pushi/vec4 1, 0, 2;
    %cmp/u;
    %jmp/1 T_0.1, 6;
    %dup/vec4;
    %pushi/vec4 2, 0, 2;
    %cmp/u;
    %jmp/1 T_0.2, 6;
    %dup/vec4;
    %pushi/vec4 3, 0, 2;
    %cmp/u;
    %jmp/1 T_0.3, 6;
    %pushi/vec4 1, 1, 1;
    %store/vec4 v0x562e84e1b2b0_0, 0, 1;
    %jmp T_0.5;
T_0.0 ;
    %load/vec4 v0x562e84dfba70_0;
    %store/vec4 v0x562e84e1b2b0_0, 0, 1;
    %jmp T_0.5;
T_0.1 ;
    %load/vec4 v0x562e84e1b090_0;
    %store/vec4 v0x562e84e1b2b0_0, 0, 1;
    %jmp T_0.5;
T_0.2 ;
    %load/vec4 v0x562e84e1b150_0;
    %store/vec4 v0x562e84e1b2b0_0, 0, 1;
    %jmp T_0.5;
T_0.3 ;
    %load/vec4 v0x562e84e1b1f0_0;
    %store/vec4 v0x562e84e1b2b0_0, 0, 1;
    %jmp T_0.5;
T_0.5 ;
    %pop/vec4 1;
    %jmp T_0;
    .thread T_0, $push;
# The file index is used to find the file name in the following table.
:file_names 9;
    "N/A";
    "<interactive>";
    "cal.v";
    "cl.v";
    "mux4_1.v";
    "fa.v";
    "mux2_1.v";
    "compl1.v";
    "mux2_4.v";
